<?xml version="1.0" encoding="UTF-8"?>
<!-- Generated by org.testng.reporters.JUnitReportReporter -->
<testsuite hostname="BLRWFD5751" name="training.TestChromeBrowser" tests="1" failures="0" timestamp="26 Jul 2016 08:02:53 GMT" time="3.471" errors="0">
  <testcase name="testGooglePageTitleInChromeBrowser" time="3.471" classname="training.TestChromeBrowser"/>
</testsuite> <!-- training.TestChromeBrowser -->
